2016-11-07 17:24:38,160 - Null reference [template '/tpl/resources/spring-db.vm', line 16, column 45] : ${jdbc.maxIdleTime} cannot be resolved.
2016-11-07 17:24:38,160 - Null reference [template '/tpl/resources/spring-db.vm', line 17, column 47] : ${jdbc.maxStatements} cannot be resolved.
2016-11-07 17:24:38,164 - ResourceManager : found /tpl/resources/dubbo.vm with loader org.apache.velocity.runtime.resource.loader.ClasspathResourceLoader
2016-11-07 17:24:38,164 - Null reference [template '/tpl/resources/dubbo.vm', line 13, column 52] : ${dubbo.zookeeper.ip} cannot be resolved.
2016-11-07 17:24:38,164 - Null reference [template '/tpl/resources/dubbo.vm', line 13, column 86] : ${dubbo.registry.register} cannot be resolved.
2016-11-07 17:24:38,165 - Null reference [template '/tpl/resources/dubbo.vm', line 16, column 40] : ${dubbo.port} cannot be resolved.
2016-11-07 17:24:38,170 - ResourceManager : found /tpl/resources/dubbo-service.vm with loader org.apache.velocity.runtime.resource.loader.ClasspathResourceLoader
2016-11-07 17:24:38,186 - ResourceManager : found /tpl/resources/dubbo-reference.vm with loader org.apache.velocity.runtime.resource.loader.ClasspathResourceLoader
2016-11-07 17:24:38,189 - ResourceManager : found /tpl/resources/logDubboConf.vm with loader org.apache.velocity.runtime.resource.loader.ClasspathResourceLoader
2016-11-07 17:24:38,196 - ResourceManager : found /tpl/resources/app.vm with loader org.apache.velocity.runtime.resource.loader.ClasspathResourceLoader
2016-11-07 17:24:38,201 - ResourceManager : found /tpl/resources/app-prod.vm with loader org.apache.velocity.runtime.resource.loader.ClasspathResourceLoader
2016-11-07 17:24:38,207 - ResourceManager : found /tpl/resources/db-properties.vm with loader org.apache.velocity.runtime.resource.loader.ClasspathResourceLoader
2016-11-07 17:24:38,238 - ResourceManager : found /tpl/resources/log4j.vm with loader org.apache.velocity.runtime.resource.loader.ClasspathResourceLoader
2016-11-07 17:24:38,242 - ResourceManager : found /tpl/webapp/web.vm with loader org.apache.velocity.runtime.resource.loader.ClasspathResourceLoader
2016-11-07 17:24:38,244 - ResourceManager : found /tpl/webapp/index-jsp.vm with loader org.apache.velocity.runtime.resource.loader.ClasspathResourceLoader
2016-11-07 17:24:38,247 - ResourceManager : found /tpl/test/mybatis-generator.vm with loader org.apache.velocity.runtime.resource.loader.ClasspathResourceLoader
2016-11-07 17:24:38,252 - ResourceManager : found /tpl/test/mybatis-generator-prop.vm with loader org.apache.velocity.runtime.resource.loader.ClasspathResourceLoader
2016-11-07 17:24:38,414 - ResourceManager : found /tpl/java/constants.vm with loader org.apache.velocity.runtime.resource.loader.ClasspathResourceLoader
2016-11-07 17:24:38,427 - ResourceManager : found /tpl/java/msgEnum.vm with loader org.apache.velocity.runtime.resource.loader.ClasspathResourceLoader
2016-11-07 17:24:38,454 - ResourceManager : found /tpl/java/exception.vm with loader org.apache.velocity.runtime.resource.loader.ClasspathResourceLoader
2016-11-07 17:24:38,458 - ResourceManager : found /tpl/test/test-java.vm with loader org.apache.velocity.runtime.resource.loader.ClasspathResourceLoader
2016-11-07 17:24:38,462 - ResourceManager : found /tpl/test/test-java.vm with loader org.apache.velocity.runtime.resource.loader.ClasspathResourceLoader
2016-11-07 17:33:46,278 - Log4JLogChute initialized using file 'velocity.log'
2016-11-07 17:33:46,279 - Initializing Velocity, Calling init()...
2016-11-07 17:33:46,279 - Starting Apache Velocity v1.7 (compiled: 2010-11-19 12:14:37)
2016-11-07 17:33:46,279 - Default Properties File: org\apache\velocity\runtime\defaults\velocity.properties
2016-11-07 17:33:46,279 - Trying to use logger class org.apache.velocity.runtime.log.AvalonLogChute
2016-11-07 17:33:46,279 - Target log system for org.apache.velocity.runtime.log.AvalonLogChute is not available (java.lang.NoClassDefFoundError: org/apache/log/format/Formatter).  Falling back to next log system...
2016-11-07 17:33:46,279 - Trying to use logger class org.apache.velocity.runtime.log.Log4JLogChute
2016-11-07 17:33:46,279 - Using logger class org.apache.velocity.runtime.log.Log4JLogChute
2016-11-07 17:33:46,284 - ResourceLoader instantiated: org.apache.velocity.runtime.resource.loader.ClasspathResourceLoader
2016-11-07 17:33:46,300 - ResourceCache: initialized (class org.apache.velocity.runtime.resource.ResourceCacheImpl) with class java.util.Collections$SynchronizedMap cache map.
2016-11-07 17:33:46,309 - Loaded System Directive: org.apache.velocity.runtime.directive.Stop
2016-11-07 17:33:46,310 - Loaded System Directive: org.apache.velocity.runtime.directive.Define
2016-11-07 17:33:46,311 - Loaded System Directive: org.apache.velocity.runtime.directive.Break
2016-11-07 17:33:46,312 - Loaded System Directive: org.apache.velocity.runtime.directive.Evaluate
2016-11-07 17:33:46,313 - Loaded System Directive: org.apache.velocity.runtime.directive.Literal
2016-11-07 17:33:46,315 - Loaded System Directive: org.apache.velocity.runtime.directive.Macro
2016-11-07 17:33:46,318 - Loaded System Directive: org.apache.velocity.runtime.directive.Parse
2016-11-07 17:33:46,320 - Loaded System Directive: org.apache.velocity.runtime.directive.Include
2016-11-07 17:33:46,321 - Loaded System Directive: org.apache.velocity.runtime.directive.Foreach
2016-11-07 17:33:46,358 - Created '20' parsers.
2016-11-07 17:33:46,370 - Velocimacro : "velocimacro.library" is not set.  Trying default library: VM_global_library.vm
2016-11-07 17:33:46,371 - Could not load resource 'VM_global_library.vm' from ResourceLoader org.apache.velocity.runtime.resource.loader.ClasspathResourceLoader: ClasspathResourceLoader Error: cannot find resource VM_global_library.vm
2016-11-07 17:33:46,371 - Velocimacro : Default library not found.
2016-11-07 17:33:46,371 - Velocimacro : allowInline = true : VMs can be defined inline in templates
2016-11-07 17:33:46,371 - Velocimacro : allowInlineToOverride = false : VMs defined inline may NOT replace previous VM definitions
2016-11-07 17:33:46,371 - Velocimacro : allowInlineLocal = false : VMs defined inline will be global in scope if allowed.
2016-11-07 17:33:46,371 - Velocimacro : autoload off : VM system will not automatically reload global library macros
2016-11-07 17:33:46,448 - ResourceManager : found /tpl/sql/create.vm with loader org.apache.velocity.runtime.resource.loader.ClasspathResourceLoader
2016-11-07 17:33:46,475 - Null reference [template '/tpl/sql/create.vm', line 23, column 6] : $column.name.toUpperCase() cannot be resolved.
2016-11-07 17:33:46,475 - Null reference [template '/tpl/sql/create.vm', line 23, column 34] : $column.type.toLowerCase() cannot be resolved.
2016-11-07 17:33:46,476 - Null reference [template '/tpl/sql/create.vm', line 23, column 6] : $column.name.toUpperCase() cannot be resolved.
2016-11-07 17:33:46,476 - Null reference [template '/tpl/sql/create.vm', line 23, column 34] : $column.type.toLowerCase() cannot be resolved.
2016-11-07 17:35:32,520 - Log4JLogChute initialized using file 'velocity.log'
2016-11-07 17:35:32,521 - Initializing Velocity, Calling init()...
2016-11-07 17:35:32,521 - Starting Apache Velocity v1.7 (compiled: 2010-11-19 12:14:37)
2016-11-07 17:35:32,521 - Default Properties File: org\apache\velocity\runtime\defaults\velocity.properties
2016-11-07 17:35:32,521 - Trying to use logger class org.apache.velocity.runtime.log.AvalonLogChute
2016-11-07 17:35:32,521 - Target log system for org.apache.velocity.runtime.log.AvalonLogChute is not available (java.lang.NoClassDefFoundError: org/apache/log/format/Formatter).  Falling back to next log system...
2016-11-07 17:35:32,521 - Trying to use logger class org.apache.velocity.runtime.log.Log4JLogChute
2016-11-07 17:35:32,521 - Using logger class org.apache.velocity.runtime.log.Log4JLogChute
2016-11-07 17:35:32,526 - ResourceLoader instantiated: org.apache.velocity.runtime.resource.loader.ClasspathResourceLoader
2016-11-07 17:35:32,544 - ResourceCache: initialized (class org.apache.velocity.runtime.resource.ResourceCacheImpl) with class java.util.Collections$SynchronizedMap cache map.
2016-11-07 17:35:32,546 - Loaded System Directive: org.apache.velocity.runtime.directive.Stop
2016-11-07 17:35:32,547 - Loaded System Directive: org.apache.velocity.runtime.directive.Define
2016-11-07 17:35:32,548 - Loaded System Directive: org.apache.velocity.runtime.directive.Break
2016-11-07 17:35:32,549 - Loaded System Directive: org.apache.velocity.runtime.directive.Evaluate
2016-11-07 17:35:32,549 - Loaded System Directive: org.apache.velocity.runtime.directive.Literal
2016-11-07 17:35:32,551 - Loaded System Directive: org.apache.velocity.runtime.directive.Macro
2016-11-07 17:35:32,553 - Loaded System Directive: org.apache.velocity.runtime.directive.Parse
2016-11-07 17:35:32,554 - Loaded System Directive: org.apache.velocity.runtime.directive.Include
2016-11-07 17:35:32,555 - Loaded System Directive: org.apache.velocity.runtime.directive.Foreach
2016-11-07 17:35:32,591 - Created '20' parsers.
2016-11-07 17:35:32,598 - Velocimacro : "velocimacro.library" is not set.  Trying default library: VM_global_library.vm
2016-11-07 17:35:32,598 - Could not load resource 'VM_global_library.vm' from ResourceLoader org.apache.velocity.runtime.resource.loader.ClasspathResourceLoader: ClasspathResourceLoader Error: cannot find resource VM_global_library.vm
2016-11-07 17:35:32,599 - Velocimacro : Default library not found.
2016-11-07 17:35:32,599 - Velocimacro : allowInline = true : VMs can be defined inline in templates
2016-11-07 17:35:32,599 - Velocimacro : allowInlineToOverride = false : VMs defined inline may NOT replace previous VM definitions
2016-11-07 17:35:32,599 - Velocimacro : allowInlineLocal = false : VMs defined inline will be global in scope if allowed.
2016-11-07 17:35:32,599 - Velocimacro : autoload off : VM system will not automatically reload global library macros
2016-11-07 17:35:32,632 - ResourceManager : found /tpl/sql/create.vm with loader org.apache.velocity.runtime.resource.loader.ClasspathResourceLoader
2016-11-07 17:37:50,989 - Log4JLogChute initialized using file 'velocity.log'
2016-11-07 17:37:50,991 - Initializing Velocity, Calling init()...
2016-11-07 17:37:50,991 - Starting Apache Velocity v1.7 (compiled: 2010-11-19 12:14:37)
2016-11-07 17:37:50,991 - Default Properties File: org\apache\velocity\runtime\defaults\velocity.properties
2016-11-07 17:37:50,991 - Trying to use logger class org.apache.velocity.runtime.log.AvalonLogChute
2016-11-07 17:37:50,991 - Target log system for org.apache.velocity.runtime.log.AvalonLogChute is not available (java.lang.NoClassDefFoundError: org/apache/log/format/Formatter).  Falling back to next log system...
2016-11-07 17:37:50,991 - Trying to use logger class org.apache.velocity.runtime.log.Log4JLogChute
2016-11-07 17:37:50,991 - Using logger class org.apache.velocity.runtime.log.Log4JLogChute
2016-11-07 17:37:50,998 - ResourceLoader instantiated: org.apache.velocity.runtime.resource.loader.ClasspathResourceLoader
2016-11-07 17:37:51,020 - ResourceCache: initialized (class org.apache.velocity.runtime.resource.ResourceCacheImpl) with class java.util.Collections$SynchronizedMap cache map.
2016-11-07 17:37:51,027 - Loaded System Directive: org.apache.velocity.runtime.directive.Stop
2016-11-07 17:37:51,029 - Loaded System Directive: org.apache.velocity.runtime.directive.Define
2016-11-07 17:37:51,030 - Loaded System Directive: org.apache.velocity.runtime.directive.Break
2016-11-07 17:37:51,031 - Loaded System Directive: org.apache.velocity.runtime.directive.Evaluate
2016-11-07 17:37:51,032 - Loaded System Directive: org.apache.velocity.runtime.directive.Literal
2016-11-07 17:37:51,034 - Loaded System Directive: org.apache.velocity.runtime.directive.Macro
2016-11-07 17:37:51,037 - Loaded System Directive: org.apache.velocity.runtime.directive.Parse
2016-11-07 17:37:51,039 - Loaded System Directive: org.apache.velocity.runtime.directive.Include
2016-11-07 17:37:51,041 - Loaded System Directive: org.apache.velocity.runtime.directive.Foreach
2016-11-07 17:37:51,111 - Created '20' parsers.
2016-11-07 17:37:51,124 - Velocimacro : "velocimacro.library" is not set.  Trying default library: VM_global_library.vm
2016-11-07 17:37:51,125 - Could not load resource 'VM_global_library.vm' from ResourceLoader org.apache.velocity.runtime.resource.loader.ClasspathResourceLoader: ClasspathResourceLoader Error: cannot find resource VM_global_library.vm
2016-11-07 17:37:51,125 - Velocimacro : Default library not found.
2016-11-07 17:37:51,125 - Velocimacro : allowInline = true : VMs can be defined inline in templates
2016-11-07 17:37:51,125 - Velocimacro : allowInlineToOverride = false : VMs defined inline may NOT replace previous VM definitions
2016-11-07 17:37:51,125 - Velocimacro : allowInlineLocal = false : VMs defined inline will be global in scope if allowed.
2016-11-07 17:37:51,125 - Velocimacro : autoload off : VM system will not automatically reload global library macros
2016-11-07 17:37:51,214 - ResourceManager : found /tpl/sql/create.vm with loader org.apache.velocity.runtime.resource.loader.ClasspathResourceLoader
2016-11-07 17:37:51,231 - Null reference [template '/tpl/sql/create.vm', line 23, column 101] : $column.isNotNullable cannot be resolved.
2016-11-07 17:37:51,231 - Null reference [template '/tpl/sql/create.vm', line 23, column 101] : $column.isNotNullable cannot be resolved.
2016-11-07 17:37:51,231 - Null reference [template '/tpl/sql/create.vm', line 23, column 101] : $column.isNotNullable cannot be resolved.
2016-11-07 17:37:51,233 - Null reference [template '/tpl/sql/create.vm', line 23, column 101] : $column.isNotNullable cannot be resolved.
2016-11-07 17:37:51,233 - Null reference [template '/tpl/sql/create.vm', line 23, column 101] : $column.isNotNullable cannot be resolved.
2016-11-07 17:37:51,233 - Null reference [template '/tpl/sql/create.vm', line 23, column 101] : $column.isNotNullable cannot be resolved.
2016-11-07 17:37:51,233 - Null reference [template '/tpl/sql/create.vm', line 23, column 101] : $column.isNotNullable cannot be resolved.
2016-11-07 17:37:51,234 - Null reference [template '/tpl/sql/create.vm', line 23, column 101] : $column.isNotNullable cannot be resolved.
2016-11-07 17:37:51,235 - Null reference [template '/tpl/sql/create.vm', line 23, column 101] : $column.isNotNullable cannot be resolved.
2016-11-07 17:37:51,235 - Null reference [template '/tpl/sql/create.vm', line 23, column 101] : $column.isNotNullable cannot be resolved.
2016-11-07 17:37:51,235 - Null reference [template '/tpl/sql/create.vm', line 23, column 101] : $column.isNotNullable cannot be resolved.
2016-11-07 17:37:51,236 - Null reference [template '/tpl/sql/create.vm', line 23, column 101] : $column.isNotNullable cannot be resolved.
2016-11-07 17:37:51,236 - Null reference [template '/tpl/sql/create.vm', line 23, column 101] : $column.isNotNullable cannot be resolved.
2016-11-07 17:37:51,236 - Null reference [template '/tpl/sql/create.vm', line 23, column 101] : $column.isNotNullable cannot be resolved.
2016-11-07 17:37:51,236 - Null reference [template '/tpl/sql/create.vm', line 23, column 101] : $column.isNotNullable cannot be resolved.
2016-11-07 17:37:51,237 - Null reference [template '/tpl/sql/create.vm', line 23, column 101] : $column.isNotNullable cannot be resolved.
2016-11-07 17:37:51,238 - Null reference [template '/tpl/sql/create.vm', line 23, column 101] : $column.isNotNullable cannot be resolved.
2016-11-07 17:37:51,238 - Null reference [template '/tpl/sql/create.vm', line 23, column 101] : $column.isNotNullable cannot be resolved.
2016-11-07 17:37:51,238 - Null reference [template '/tpl/sql/create.vm', line 23, column 101] : $column.isNotNullable cannot be resolved.
2016-11-07 17:37:51,238 - Null reference [template '/tpl/sql/create.vm', line 23, column 101] : $column.isNotNullable cannot be resolved.
2016-11-07 17:37:51,238 - Null reference [template '/tpl/sql/create.vm', line 23, column 101] : $column.isNotNullable cannot be resolved.
2016-11-07 17:37:51,239 - Null reference [template '/tpl/sql/create.vm', line 23, column 101] : $column.isNotNullable cannot be resolved.
2016-11-07 17:37:51,239 - Null reference [template '/tpl/sql/create.vm', line 23, column 101] : $column.isNotNullable cannot be resolved.
2016-11-07 17:38:50,047 - Log4JLogChute initialized using file 'velocity.log'
2016-11-07 17:38:50,048 - Initializing Velocity, Calling init()...
2016-11-07 17:38:50,048 - Starting Apache Velocity v1.7 (compiled: 2010-11-19 12:14:37)
2016-11-07 17:38:50,048 - Default Properties File: org\apache\velocity\runtime\defaults\velocity.properties
2016-11-07 17:38:50,048 - Trying to use logger class org.apache.velocity.runtime.log.AvalonLogChute
2016-11-07 17:38:50,048 - Target log system for org.apache.velocity.runtime.log.AvalonLogChute is not available (java.lang.NoClassDefFoundError: org/apache/log/format/Formatter).  Falling back to next log system...
2016-11-07 17:38:50,048 - Trying to use logger class org.apache.velocity.runtime.log.Log4JLogChute
2016-11-07 17:38:50,048 - Using logger class org.apache.velocity.runtime.log.Log4JLogChute
2016-11-07 17:38:50,054 - ResourceLoader instantiated: org.apache.velocity.runtime.resource.loader.ClasspathResourceLoader
2016-11-07 17:38:50,069 - ResourceCache: initialized (class org.apache.velocity.runtime.resource.ResourceCacheImpl) with class java.util.Collections$SynchronizedMap cache map.
2016-11-07 17:38:50,071 - Loaded System Directive: org.apache.velocity.runtime.directive.Stop
2016-11-07 17:38:50,072 - Loaded System Directive: org.apache.velocity.runtime.directive.Define
2016-11-07 17:38:50,073 - Loaded System Directive: org.apache.velocity.runtime.directive.Break
2016-11-07 17:38:50,074 - Loaded System Directive: org.apache.velocity.runtime.directive.Evaluate
2016-11-07 17:38:50,075 - Loaded System Directive: org.apache.velocity.runtime.directive.Literal
2016-11-07 17:38:50,076 - Loaded System Directive: org.apache.velocity.runtime.directive.Macro
2016-11-07 17:38:50,079 - Loaded System Directive: org.apache.velocity.runtime.directive.Parse
2016-11-07 17:38:50,080 - Loaded System Directive: org.apache.velocity.runtime.directive.Include
2016-11-07 17:38:50,082 - Loaded System Directive: org.apache.velocity.runtime.directive.Foreach
2016-11-07 17:38:50,117 - Created '20' parsers.
2016-11-07 17:38:50,127 - Velocimacro : "velocimacro.library" is not set.  Trying default library: VM_global_library.vm
2016-11-07 17:38:50,127 - Could not load resource 'VM_global_library.vm' from ResourceLoader org.apache.velocity.runtime.resource.loader.ClasspathResourceLoader: ClasspathResourceLoader Error: cannot find resource VM_global_library.vm
2016-11-07 17:38:50,127 - Velocimacro : Default library not found.
2016-11-07 17:38:50,127 - Velocimacro : allowInline = true : VMs can be defined inline in templates
2016-11-07 17:38:50,127 - Velocimacro : allowInlineToOverride = false : VMs defined inline may NOT replace previous VM definitions
2016-11-07 17:38:50,127 - Velocimacro : allowInlineLocal = false : VMs defined inline will be global in scope if allowed.
2016-11-07 17:38:50,127 - Velocimacro : autoload off : VM system will not automatically reload global library macros
2016-11-07 17:38:50,156 - ResourceManager : found /tpl/sql/create.vm with loader org.apache.velocity.runtime.resource.loader.ClasspathResourceLoader
2016-11-07 17:39:12,237 - Log4JLogChute initialized using file 'velocity.log'
2016-11-07 17:39:12,238 - Initializing Velocity, Calling init()...
2016-11-07 17:39:12,238 - Starting Apache Velocity v1.7 (compiled: 2010-11-19 12:14:37)
2016-11-07 17:39:12,238 - Default Properties File: org\apache\velocity\runtime\defaults\velocity.properties
2016-11-07 17:39:12,238 - Trying to use logger class org.apache.velocity.runtime.log.AvalonLogChute
2016-11-07 17:39:12,238 - Target log system for org.apache.velocity.runtime.log.AvalonLogChute is not available (java.lang.NoClassDefFoundError: org/apache/log/format/Formatter).  Falling back to next log system...
2016-11-07 17:39:12,238 - Trying to use logger class org.apache.velocity.runtime.log.Log4JLogChute
2016-11-07 17:39:12,238 - Using logger class org.apache.velocity.runtime.log.Log4JLogChute
2016-11-07 17:39:12,242 - ResourceLoader instantiated: org.apache.velocity.runtime.resource.loader.ClasspathResourceLoader
2016-11-07 17:39:12,260 - ResourceCache: initialized (class org.apache.velocity.runtime.resource.ResourceCacheImpl) with class java.util.Collections$SynchronizedMap cache map.
2016-11-07 17:39:12,272 - Loaded System Directive: org.apache.velocity.runtime.directive.Stop
2016-11-07 17:39:12,273 - Loaded System Directive: org.apache.velocity.runtime.directive.Define
2016-11-07 17:39:12,274 - Loaded System Directive: org.apache.velocity.runtime.directive.Break
2016-11-07 17:39:12,275 - Loaded System Directive: org.apache.velocity.runtime.directive.Evaluate
2016-11-07 17:39:12,276 - Loaded System Directive: org.apache.velocity.runtime.directive.Literal
2016-11-07 17:39:12,277 - Loaded System Directive: org.apache.velocity.runtime.directive.Macro
2016-11-07 17:39:12,279 - Loaded System Directive: org.apache.velocity.runtime.directive.Parse
2016-11-07 17:39:12,281 - Loaded System Directive: org.apache.velocity.runtime.directive.Include
2016-11-07 17:39:12,282 - Loaded System Directive: org.apache.velocity.runtime.directive.Foreach
2016-11-07 17:39:12,317 - Created '20' parsers.
2016-11-07 17:39:12,324 - Velocimacro : "velocimacro.library" is not set.  Trying default library: VM_global_library.vm
2016-11-07 17:39:12,325 - Could not load resource 'VM_global_library.vm' from ResourceLoader org.apache.velocity.runtime.resource.loader.ClasspathResourceLoader: ClasspathResourceLoader Error: cannot find resource VM_global_library.vm
2016-11-07 17:39:12,325 - Velocimacro : Default library not found.
2016-11-07 17:39:12,325 - Velocimacro : allowInline = true : VMs can be defined inline in templates
2016-11-07 17:39:12,325 - Velocimacro : allowInlineToOverride = false : VMs defined inline may NOT replace previous VM definitions
2016-11-07 17:39:12,325 - Velocimacro : allowInlineLocal = false : VMs defined inline will be global in scope if allowed.
2016-11-07 17:39:12,325 - Velocimacro : autoload off : VM system will not automatically reload global library macros
2016-11-07 17:39:12,359 - ResourceManager : found /tpl/sql/create.vm with loader org.apache.velocity.runtime.resource.loader.ClasspathResourceLoader
2016-11-07 17:40:53,594 - Log4JLogChute initialized using file 'velocity.log'
2016-11-07 17:40:53,594 - Initializing Velocity, Calling init()...
2016-11-07 17:40:53,594 - Starting Apache Velocity v1.7 (compiled: 2010-11-19 12:14:37)
2016-11-07 17:40:53,594 - Default Properties File: org\apache\velocity\runtime\defaults\velocity.properties
2016-11-07 17:40:53,594 - Trying to use logger class org.apache.velocity.runtime.log.AvalonLogChute
2016-11-07 17:40:53,594 - Target log system for org.apache.velocity.runtime.log.AvalonLogChute is not available (java.lang.NoClassDefFoundError: org/apache/log/format/Formatter).  Falling back to next log system...
2016-11-07 17:40:53,595 - Trying to use logger class org.apache.velocity.runtime.log.Log4JLogChute
2016-11-07 17:40:53,595 - Using logger class org.apache.velocity.runtime.log.Log4JLogChute
2016-11-07 17:40:53,599 - ResourceLoader instantiated: org.apache.velocity.runtime.resource.loader.ClasspathResourceLoader
2016-11-07 17:40:53,612 - ResourceCache: initialized (class org.apache.velocity.runtime.resource.ResourceCacheImpl) with class java.util.Collections$SynchronizedMap cache map.
2016-11-07 17:40:53,614 - Loaded System Directive: org.apache.velocity.runtime.directive.Stop
2016-11-07 17:40:53,616 - Loaded System Directive: org.apache.velocity.runtime.directive.Define
2016-11-07 17:40:53,616 - Loaded System Directive: org.apache.velocity.runtime.directive.Break
2016-11-07 17:40:53,617 - Loaded System Directive: org.apache.velocity.runtime.directive.Evaluate
2016-11-07 17:40:53,618 - Loaded System Directive: org.apache.velocity.runtime.directive.Literal
2016-11-07 17:40:53,619 - Loaded System Directive: org.apache.velocity.runtime.directive.Macro
2016-11-07 17:40:53,621 - Loaded System Directive: org.apache.velocity.runtime.directive.Parse
2016-11-07 17:40:53,622 - Loaded System Directive: org.apache.velocity.runtime.directive.Include
2016-11-07 17:40:53,623 - Loaded System Directive: org.apache.velocity.runtime.directive.Foreach
2016-11-07 17:40:53,658 - Created '20' parsers.
2016-11-07 17:40:53,666 - Velocimacro : "velocimacro.library" is not set.  Trying default library: VM_global_library.vm
2016-11-07 17:40:53,702 - Could not load resource 'VM_global_library.vm' from ResourceLoader org.apache.velocity.runtime.resource.loader.ClasspathResourceLoader: ClasspathResourceLoader Error: cannot find resource VM_global_library.vm
2016-11-07 17:40:53,702 - Velocimacro : Default library not found.
2016-11-07 17:40:53,702 - Velocimacro : allowInline = true : VMs can be defined inline in templates
2016-11-07 17:40:53,702 - Velocimacro : allowInlineToOverride = false : VMs defined inline may NOT replace previous VM definitions
2016-11-07 17:40:53,702 - Velocimacro : allowInlineLocal = false : VMs defined inline will be global in scope if allowed.
2016-11-07 17:40:53,702 - Velocimacro : autoload off : VM system will not automatically reload global library macros
2016-11-07 17:40:53,729 - ResourceManager : found /tpl/sql/create.vm with loader org.apache.velocity.runtime.resource.loader.ClasspathResourceLoader
